<?xml version="1.0" encoding="UTF-8"?>
<!-- Generated by org.testng.reporters.JUnitReportReporter -->
<testsuite hostname="DESKTOP-LAKEOP7" name="com.dataedge.ConfirmationPopUp" tests="1" failures="0" timestamp="1 Aug 2016 09:41:08 GMT" time="5.236" errors="0">
  <testcase name="ExampleForConfirmBox" time="5.236" classname="com.dataedge.ConfirmationPopUp"/>
</testsuite> <!-- com.dataedge.ConfirmationPopUp -->
