<?xml version="1.0" encoding="UTF-8"?>
<!-- Generated by org.testng.reporters.JUnitReportReporter -->
<testsuite hostname="DESKTOP-LAKEOP7" name="PopupsHandling" tests="1" failures="0" timestamp="1 Aug 2016 09:30:30 GMT" time="3.740" errors="0">
  <testcase name="ExampleForAlert" time="3.740" classname="PopupsHandling"/>
</testsuite> <!-- PopupsHandling -->
